WARNING: Information about .sconsign.dblite may be misleading 
as it can be edited after state_of_repo.log finishes running

===================================

 GIT STATUS

===================================
Last commit:

commit 3e4f044b22944fb82e99934896a59ed34931b285
Author: Levi Boxell <leviboxell@gmail.com>
Date:   Tue Apr 11 17:57:59 2017 -0700

    gslab_python#61 dev commit


Files changed since last commit:

.sconsign.dblite
SConstruct
release/paper/ondeck.pdf
release/paper/online_appendix.pdf
release/paper/paper.pdf
release/paper/sconscript.log
release/paper/text.pdf
release/talk/sconscript.log
release/talk/slides.pdf
sconstruct.log
setup.py
state_of_repo.log

===================================

 FILE STATUS

===================================
./constants.yaml:
   modified on: 27 Feb 2017 15:24:31
   size of file: 324
./README.md:
   modified on: 11 Apr 2017 15:33:38
   size of file: 3902
./SConstruct:
   modified on: 13 Apr 2017 12:44:24
   size of file: 3271
./sconstruct.log:
   modified on: 13 Apr 2017 12:45:02
   size of file: 41
./setup.py:
   modified on: 13 Apr 2017 12:33:02
   size of file: 4702
./setup.pyc:
   modified on: 13 Apr 2017 12:33:06
   size of file: 5636
./state_of_repo.log:
   modified on: 13 Apr 2017 12:45:08
   size of file: 680
./user-config.yaml:
   modified on: 13 Apr 2017 12:31:41
   size of file: 75
./build/analysis/plot.eps:
   modified on: 13 Apr 2017 12:45:04
   size of file: 12829
./build/analysis/sconscript.log:
   modified on: 13 Apr 2017 12:45:04
   size of file: 2236
./build/analysis/table.txt:
   modified on: 13 Apr 2017 12:45:04
   size of file: 30
./build/data/data.txt:
   modified on: 13 Apr 2017 12:45:02
   size of file: 1035
./build/data/sconscript.log:
   modified on: 13 Apr 2017 12:45:03
   size of file: 1189
./build/paper/ondeck.pdf:
   modified on: 13 Apr 2017 12:45:04
   size of file: 18339
./build/paper/online_appendix.pdf:
   modified on: 13 Apr 2017 12:45:05
   size of file: 45561
./build/paper/paper.pdf:
   modified on: 13 Apr 2017 12:45:06
   size of file: 57984
./build/paper/sconscript.log:
   modified on: 13 Apr 2017 12:45:07
   size of file: 342
./build/paper/text.pdf:
   modified on: 13 Apr 2017 12:45:07
   size of file: 18339
./build/tables/table.lyx:
   modified on: 13 Apr 2017 12:45:05
   size of file: 4432
./build/talk/sconscript.log:
   modified on: 13 Apr 2017 12:45:08
   size of file: 589
./build/talk/slides.pdf:
   modified on: 13 Apr 2017 12:45:08
   size of file: 28971
./release/paper/ondeck.pdf:
   modified on: 13 Apr 2017 12:45:04
   size of file: 18339
./release/paper/online_appendix.pdf:
   modified on: 13 Apr 2017 12:45:05
   size of file: 45561
./release/paper/paper.pdf:
   modified on: 13 Apr 2017 12:45:06
   size of file: 57984
./release/paper/sconscript.log:
   modified on: 13 Apr 2017 12:45:07
   size of file: 342
./release/paper/text.pdf:
   modified on: 13 Apr 2017 12:45:07
   size of file: 18339
./release/talk/sconscript.log:
   modified on: 13 Apr 2017 12:45:08
   size of file: 589
./release/talk/slides.pdf:
   modified on: 13 Apr 2017 12:45:08
   size of file: 28971
./source/analysis/analysis.do:
   modified on: 11 Apr 2017 15:33:34
   size of file: 584
./source/analysis/SConscript:
   modified on: 11 Apr 2017 15:33:34
   size of file: 338
./source/data/build.R:
   modified on: 27 Feb 2017 15:24:31
   size of file: 298
./source/data/SConscript:
   modified on: 13 Apr 2017 12:44:36
   size of file: 292
./source/figures/figure.lyx:
   modified on: 27 Feb 2017 15:24:31
   size of file: 2223
./source/paper/ondeck.lyx:
   modified on: 27 Feb 2017 15:24:31
   size of file: 2522
./source/paper/online_appendix.lyx:
   modified on: 27 Feb 2017 15:24:31
   size of file: 3610
./source/paper/paper.lyx:
   modified on: 27 Feb 2017 15:24:31
   size of file: 5236
./source/paper/SConscript:
   modified on: 11 Apr 2017 15:33:38
   size of file: 558
./source/paper/text.lyx:
   modified on: 27 Feb 2017 15:24:31
   size of file: 2522
./source/raw/README.md:
   modified on: 27 Feb 2017 15:24:31
   size of file: 102
./source/tables/SConscript:
   modified on: 27 Feb 2017 15:24:31
   size of file: 245
./source/tables/table.lyx:
   modified on: 27 Feb 2017 15:24:31
   size of file: 4082
./source/talk/SConscript:
   modified on: 27 Feb 2017 15:24:31
   size of file: 229
./source/talk/slides.lyx:
   modified on: 27 Feb 2017 15:24:31
   size of file: 4712
